key length 1 : 0.0431990054905 

key length 2 : 0.0523369610262 

key length 3 : 0.0456827894328 

key length 4 : 0.0558078231293 

key length 5 : 0.0443994601889 

key length 6 : 0.0571338383838 

key length 7 : 0.0392915787004 

key length 8 : 0.0617028985507 

key length 9 : 0.0421837421837 

key length 10 : 0.057134502924 

8
llohwrywtspnjsxczmnpcjqar
llohwrywtspnjsxczmnpcjqar
Counter({'c': 2, 'j': 2, 'l': 2, 'n': 2, 'p': 2, 's': 2, 'r': 2, 'w': 2, 'a': 1, 'h': 1, 'm': 1, 'o': 1, 'q': 1, 't': 1, 'y': 1, 'x': 1, 'z': 1})
shift 0 0.0384
shift 1 0.03016
shift 2 0.03372
shift 3 0.03668
shift 4 0.04064
shift 5 0.04612
shift 6 0.0336
shift 7 0.04188
shift 8 0.03516
shift 9 0.05112
shift 10 0.03632
shift 11 0.04864
shift 12 0.02824
shift 13 0.035
shift 14 0.03884
shift 15 0.04056
shift 16 0.0288
shift 17 0.03008
shift 18 0.041
shift 19 0.03404
shift 20 0.03968
shift 21 0.03732
shift 22 0.043
shift 23 0.03204
shift 24 0.0466
shift 25 0.03836
rqqwssosksoidmvwhpvqshwif
rqqwssosksoidmvwhpvqshwif
Counter({'s': 5, 'q': 3, 'w': 3, 'i': 2, 'h': 2, 'o': 2, 'v': 2, 'd': 1, 'f': 1, 'k': 1, 'm': 1, 'p': 1, 'r': 1})
shift 0 0.03988
shift 1 0.04044
shift 2 0.0334
shift 3 0.05372
shift 4 0.05236
shift 5 0.0398
shift 6 0.02292
shift 7 0.0354
shift 8 0.04168
shift 9 0.02852
shift 10 0.04608
shift 11 0.03532
shift 12 0.03788
shift 13 0.02724
shift 14 0.06456
shift 15 0.03768
shift 16 0.03632
shift 17 0.0302
shift 18 0.04876
shift 19 0.02504
shift 20 0.02852
shift 21 0.03112
shift 22 0.03772
shift 23 0.03396
shift 24 0.02992
shift 25 0.04756
vzgonjgijognorzozvdjyjmov
vzgonjgijognorzozvdjyjmov
Counter({'o': 5, 'j': 4, 'g': 3, 'v': 3, 'z': 3, 'n': 2, 'd': 1, 'i': 1, 'm': 1, 'r': 1, 'y': 1})
shift 0 0.03304
shift 1 0.04016
shift 2 0.04704
shift 3 0.03492
shift 4 0.02864
shift 5 0.03944
shift 6 0.0546
shift 7 0.0394
shift 8 0.0324
shift 9 0.03716
shift 10 0.04984
shift 11 0.03104
shift 12 0.02588
shift 13 0.03988
shift 14 0.04224
shift 15 0.02472
shift 16 0.03072
shift 17 0.04776
shift 18 0.04016
shift 19 0.02448
shift 20 0.03232
shift 21 0.07552
shift 22 0.03916
shift 23 0.02612
shift 24 0.02796
shift 25 0.0414
paslfrckrlwwsmvlwkrrffwiq
paslfrckrlwwsmvlwkrrffwiq
Counter({'r': 4, 'w': 4, 'f': 3, 'l': 3, 'k': 2, 's': 2, 'a': 1, 'c': 1, 'i': 1, 'm': 1, 'q': 1, 'p': 1, 'v': 1})
shift 0 0.03584
shift 1 0.03192
shift 2 0.03296
shift 3 0.05184
shift 4 0.05044
shift 5 0.03924
shift 6 0.02652
shift 7 0.03936
shift 8 0.04028
shift 9 0.04024
shift 10 0.03472
shift 11 0.0372
shift 12 0.03312
shift 13 0.04196
shift 14 0.04688
shift 15 0.03332
shift 16 0.02016
shift 17 0.0466
shift 18 0.0578
shift 19 0.03428
shift 20 0.02884
shift 21 0.01992
shift 22 0.03668
shift 23 0.04008
shift 24 0.05176
shift 25 0.03404
zzdnlsetopzprelxzppdjpecd
zzdnlsetopzprelxzppdjpecd
Counter({'p': 5, 'z': 4, 'e': 3, 'd': 3, 'l': 2, 'c': 1, 'j': 1, 'o': 1, 'n': 1, 's': 1, 'r': 1, 't': 1, 'x': 1})
shift 0 0.04292
shift 1 0.03952
shift 2 0.02908
shift 3 0.03176
shift 4 0.03648
shift 5 0.0274
shift 6 0.03488
shift 7 0.045
shift 8 0.03484
shift 9 0.02992
shift 10 0.03912
shift 11 0.07532
shift 12 0.04092
shift 13 0.03024
shift 14 0.02356
shift 15 0.04596
shift 16 0.02908
shift 17 0.03868
shift 18 0.0334
shift 19 0.0296
shift 20 0.02244
shift 21 0.04916
shift 22 0.05204
shift 23 0.04264
shift 24 0.03524
shift 25 0.0468
vrehbiinerddrhlinssimtcp
vrehbiinerddrhlinssimtcp
Counter({'i': 4, 'r': 3, 'e': 2, 'd': 2, 'h': 2, 'n': 2, 's': 2, 'c': 1, 'b': 1, 'm': 1, 'l': 1, 'p': 1, 't': 1, 'v': 1})
shift 0 0.058
shift 1 0.0370416666667
shift 2 0.0262083333333
shift 3 0.04025
shift 4 0.057625
shift 5 0.033375
shift 6 0.0253333333333
shift 7 0.0299166666667
shift 8 0.0381666666667
shift 9 0.0359583333333
shift 10 0.0393333333333
shift 11 0.0395
shift 12 0.0282083333333
shift 13 0.0432083333333
shift 14 0.0401666666667
shift 15 0.0511666666667
shift 16 0.0366666666667
shift 17 0.0407083333333
shift 18 0.0220416666667
shift 19 0.03325
shift 20 0.0395
shift 21 0.038875
shift 22 0.033
shift 23 0.0330833333333
shift 24 0.03625
shift 25 0.0491666666667
gmncduegtukecjiedocfcjqt
gmncduegtukecjiedocfcjqt
Counter({'c': 4, 'e': 3, 'd': 2, 'g': 2, 'j': 2, 'u': 2, 't': 2, 'f': 1, 'i': 1, 'k': 1, 'm': 1, 'o': 1, 'n': 1, 'q': 1})
shift 0 0.04675
shift 1 0.0423333333333
shift 2 0.0545
shift 3 0.02675
shift 4 0.0297916666667
shift 5 0.033875
shift 6 0.0418333333333
shift 7 0.0208333333333
shift 8 0.030125
shift 9 0.04125
shift 10 0.038125
shift 11 0.04025
shift 12 0.0419166666667
shift 13 0.0354166666667
shift 14 0.0338333333333
shift 15 0.0447916666667
shift 16 0.0505833333333
shift 17 0.0405833333333
shift 18 0.030125
shift 19 0.02825
shift 20 0.0366666666667
shift 21 0.0408333333333
shift 22 0.0357916666667
shift 23 0.0317916666667
shift 24 0.0479583333333
shift 25 0.0410416666667
picveeewalwvtmsreeviriqs
picveeewalwvtmsreeviriqs
Counter({'e': 5, 'i': 3, 'v': 3, 's': 2, 'r': 2, 'w': 2, 'a': 1, 'c': 1, 'm': 1, 'l': 1, 'q': 1, 'p': 1, 't': 1})
shift 0 0.0605
shift 1 0.0344166666667
shift 2 0.0365416666667
shift 3 0.0332083333333
shift 4 0.0680833333333
shift 5 0.0271666666667
shift 6 0.0224583333333
shift 7 0.0299166666667
shift 8 0.0485416666667
shift 9 0.0296666666667
shift 10 0.0319166666667
shift 11 0.046125
shift 12 0.0367083333333
shift 13 0.04325
shift 14 0.038375
shift 15 0.0429166666667
shift 16 0.0381666666667
shift 17 0.0513333333333
shift 18 0.0369583333333
shift 19 0.0328333333333
shift 20 0.0255833333333
shift 21 0.0295833333333
shift 22 0.0392916666667
shift 23 0.0374583333333
shift 24 0.034875
shift 25 0.030125
best key jovslace
